0 silly input []
1 silly flags { _: [ 'bootstrap' ],
1 silly flags   'reject-cycles': false,
1 silly flags   rejectCycles: false,
1 silly flags   args: [] }
2 verbose rootPath /Users/sendilkumar/Dev/webpack-cli
3 info version 2.8.0
4 silly existsSync /Users/sendilkumar/Dev/webpack-cli/VERSION
5 silly initialize attempt
6 warn ECYCLE Encountered a cycle in the dependency graph.This may cause instability! Packages in cycle are: "webpack-cli-commands", "webpack-loader-generator", "webpack-plugin-generator", "webpack-cli-generators", "webpack-cli-init", "webpack-cli-migrate", "webpack-cli-utils"
7 silly packages [ 'webpack-cli-generators' ]
8 warn ECYCLE Encountered a cycle in the dependency graph.This may cause instability! Packages in cycle are: "webpack-cli-commands", "webpack-cli-init", "webpack-cli-migrate", "webpack-cli-utils"
9 silly packages [ 'webpack-cli-utils' ]
10 silly npmConfig { registry: undefined,
10 silly npmConfig   npmClient: 'yarn',
10 silly npmConfig   npmClientArgs: undefined,
10 silly npmConfig   mutex: 'network:42424' }
11 silly initialize success
12 silly execute attempt
13 info Bootstrapping 7 packages
14 silly installInDirOriginalPackageJson /Users/sendilkumar/Dev/webpack-cli
15 silly getExecOpts { cwd: '/Users/sendilkumar/Dev/webpack-cli' }
16 silly installInDir [ 'yarn',
16 silly installInDir   [ 'install', '--mutex', 'network:42424', '--non-interactive' ] ]
17 error execute callback with error
18 error Error: Command failed: yarn install --mutex network:42424 --non-interactive
18 error error Couldn't find package "webpack-loader-generators" on the "npm" registry.
18 error yarn install v1.3.2
18 error [1/5] Validating package.json...
18 error [2/5] Resolving packages...
18 error info Visit https://yarnpkg.com/en/docs/cli/install for documentation about this command.
18 error
18 error     at Promise.all.then.arr (/Users/sendilkumar/.nvm/versions/node/v9.4.0/lib/node_modules/lerna/node_modules/execa/index.js:236:11)
18 error     at <anonymous>
